c:\users\amelia\desktop\sequin-shader-midterm\animal3d-sdk\animal3d-sdk\project\visualstudio\animal3d-demoplugin\build\x64\v141\debug\vc141.pdb
c:\users\amelia\desktop\sequin-shader-midterm\animal3d-sdk\animal3d-sdk\project\visualstudio\animal3d-demoplugin\build\x64\v141\debug\a3_demosceneobject.obj
c:\users\amelia\desktop\sequin-shader-midterm\animal3d-sdk\animal3d-sdk\project\visualstudio\animal3d-demoplugin\build\x64\v141\debug\a3_demorenderutils.obj
c:\users\amelia\desktop\sequin-shader-midterm\animal3d-sdk\animal3d-sdk\project\visualstudio\animal3d-demoplugin\build\x64\v141\debug\_a3_demo_callbacks.obj
c:\users\amelia\desktop\sequin-shader-midterm\animal3d-sdk\animal3d-sdk\project\visualstudio\animal3d-demoplugin\build\x64\v141\debug\a3_demo_shading_initialize.obj
c:\users\amelia\desktop\sequin-shader-midterm\animal3d-sdk\animal3d-sdk\project\visualstudio\animal3d-demoplugin\build\x64\v141\debug\a3_demo_shading_idle-render.obj
c:\users\amelia\desktop\sequin-shader-midterm\animal3d-sdk\animal3d-sdk\project\visualstudio\animal3d-demoplugin\build\x64\v141\debug\a3_demo_shading_idle-input.obj
c:\users\amelia\desktop\sequin-shader-midterm\animal3d-sdk\animal3d-sdk\project\visualstudio\animal3d-demoplugin\build\x64\v141\debug\a3_demo_pipelines_initialize.obj
c:\users\amelia\desktop\sequin-shader-midterm\animal3d-sdk\animal3d-sdk\project\visualstudio\animal3d-demoplugin\build\x64\v141\debug\a3_demo_pipelines_idle-update.obj
c:\users\amelia\desktop\sequin-shader-midterm\animal3d-sdk\animal3d-sdk\project\visualstudio\animal3d-demoplugin\build\x64\v141\debug\a3_demo_pipelines_idle-render.obj
c:\users\amelia\desktop\sequin-shader-midterm\animal3d-sdk\animal3d-sdk\project\visualstudio\animal3d-demoplugin\build\x64\v141\debug\a3_demo_pipelines_idle-input.obj
c:\users\amelia\desktop\sequin-shader-midterm\animal3d-sdk\animal3d-sdk\project\visualstudio\animal3d-demoplugin\build\x64\v141\debug\a3_demo_curves_initialize.obj
c:\users\amelia\desktop\sequin-shader-midterm\animal3d-sdk\animal3d-sdk\project\visualstudio\animal3d-demoplugin\build\x64\v141\debug\a3_demo_curves_idle-update.obj
c:\users\amelia\desktop\sequin-shader-midterm\animal3d-sdk\animal3d-sdk\project\visualstudio\animal3d-demoplugin\build\x64\v141\debug\a3_demo_curves_idle-render.obj
c:\users\amelia\desktop\sequin-shader-midterm\animal3d-sdk\animal3d-sdk\project\visualstudio\animal3d-demoplugin\build\x64\v141\debug\a3_demo_curves_idle-input.obj
c:\users\amelia\desktop\sequin-shader-midterm\animal3d-sdk\animal3d-sdk\project\visualstudio\animal3d-demoplugin\build\x64\v141\debug\a3_demostate_unloading.obj
c:\users\amelia\desktop\sequin-shader-midterm\animal3d-sdk\animal3d-sdk\project\visualstudio\animal3d-demoplugin\build\x64\v141\debug\a3_demostate_loading.obj
c:\users\amelia\desktop\sequin-shader-midterm\animal3d-sdk\animal3d-sdk\project\visualstudio\animal3d-demoplugin\build\x64\v141\debug\a3_demostate_initialize.obj
c:\users\amelia\desktop\sequin-shader-midterm\animal3d-sdk\animal3d-sdk\project\visualstudio\animal3d-demoplugin\build\x64\v141\debug\a3_demostate_idle-update.obj
c:\users\amelia\desktop\sequin-shader-midterm\animal3d-sdk\animal3d-sdk\project\visualstudio\animal3d-demoplugin\build\x64\v141\debug\a3_demostate_idle-render.obj
c:\users\amelia\desktop\sequin-shader-midterm\animal3d-sdk\animal3d-sdk\project\visualstudio\animal3d-demoplugin\build\x64\v141\debug\a3_demostate_idle-input.obj
c:\users\amelia\desktop\sequin-shader-midterm\animal3d-sdk\animal3d-sdk\project\visualstudio\animal3d-demoplugin\build\x64\v141\debug\main_dll.obj
c:\users\amelia\desktop\sequin-shader-midterm\animal3d-sdk\animal3d-sdk\project\visualstudio\animal3d-demoplugin\build\x64\v141\debug\animal3d.3510fdb9.tlog\cl.command.1.tlog
c:\users\amelia\desktop\sequin-shader-midterm\animal3d-sdk\animal3d-sdk\project\visualstudio\animal3d-demoplugin\build\x64\v141\debug\animal3d.3510fdb9.tlog\cl.read.1.tlog
c:\users\amelia\desktop\sequin-shader-midterm\animal3d-sdk\animal3d-sdk\project\visualstudio\animal3d-demoplugin\build\x64\v141\debug\animal3d.3510fdb9.tlog\cl.write.1.tlog
c:\users\amelia\desktop\sequin-shader-midterm\animal3d-sdk\animal3d-sdk\project\visualstudio\animal3d-demoplugin\build\x64\v141\debug\animal3d.3510fdb9.tlog\link.command.1.tlog
c:\users\amelia\desktop\sequin-shader-midterm\animal3d-sdk\animal3d-sdk\project\visualstudio\animal3d-demoplugin\build\x64\v141\debug\animal3d.3510fdb9.tlog\link.read.1.tlog
c:\users\amelia\desktop\sequin-shader-midterm\animal3d-sdk\animal3d-sdk\project\visualstudio\animal3d-demoplugin\build\x64\v141\debug\animal3d.3510fdb9.tlog\link.write.1.tlog
