  a3_DemoState_idle-input.c
  a3_DemoState_idle-render.c
  a3_DemoState_idle-update.c
  a3_DemoState_initialize.c
  a3_DemoState_loading.c
  a3_DemoState_unloading.c
  a3_Demo_Curves_idle-input.c
  a3_Demo_Curves_idle-render.c
  a3_Demo_Curves_idle-update.c
  a3_Demo_Curves_initialize.c
  a3_Demo_Pipelines_idle-input.c
  a3_Demo_Pipelines_idle-render.c
  a3_Demo_Pipelines_idle-update.c
  a3_Demo_Pipelines_initialize.c
  a3_Demo_Shading_idle-input.c
  a3_Demo_Shading_idle-render.c
  a3_Demo_Shading_initialize.c
  _a3_demo_callbacks.c
  a3_DemoRenderUtils.c
  a3_DemoSceneObject.c
  Generating Code...
  Compiling...
  main_dll.c
  Generating Code...
LINK : fatal error LNK1104: cannot open file 'animal3D.lib'
