  a3_BufferObject-OpenGL.c
  a3_Framebuffer-OpenGL.c
  a3_Material-OpenGL.c
  a3_ShaderProgram-OpenGL.c
  a3_TextRenderer-OpenGL.c
  a3_Texture-OpenGL.c
  a3_UniformBuffer-OpenGL.c
  a3_VertexBuffer-OpenGL.c
  a3_VertexDrawable-OpenGL.c
  a3_BufferObject.c
  a3_Framebuffer.c
  a3_GraphicsObjectHandle.c
  a3_Material.c
  a3_ShaderProgram.c
  a3_TextRenderer.c
  a3_Texture.c
  a3_TextureAtlas.c
  a3_VertexBuffer.c
  a3_VertexDescriptors.c
  a3_VertexDrawable.c
  Generating Code...
  Compiling...
  animal3D-A3DG.c
  a3_app_renderer-OpenGL.c
  Generating Code...
  animal3D-A3DG-OpenGL.vcxproj -> C:\Users\Amelia\Desktop\sequin-shader-midterm\animal3D-SDK\animal3D-SDK\lib\x64\v142\Debug\animal3D-A3DG-OpenGL.lib
