  a3_DemoState_idle-input.c
  a3_DemoState_idle-render.c
  a3_DemoState_idle-update.c
  a3_DemoState_initialize.c
  a3_DemoState_loading.c
  a3_DemoState_unloading.c
  a3_Demo_Curves_idle-input.c
  a3_Demo_Curves_idle-render.c
  a3_Demo_Curves_idle-update.c
  a3_Demo_Curves_initialize.c
  a3_Demo_Pipelines_idle-input.c
  a3_Demo_Pipelines_idle-render.c
  a3_Demo_Pipelines_idle-update.c
  a3_Demo_Pipelines_initialize.c
  a3_Demo_Shading_idle-input.c
  a3_Demo_Shading_idle-render.c
  a3_Demo_Shading_initialize.c
  _a3_demo_callbacks.c
  a3_DemoRenderUtils.c
  a3_DemoSceneObject.c
  Generating Code...
  Compiling...
  main_dll.c
  Generating Code...
  LINK : D:\Graphics_Files\sequin-shader-midterm\animal3D-SDK\animal3D-SDK\lib\x64\v142\Debug\animal3D-DemoPlugin.dll not found or not built by the last incremental link; performing full link
     Creating library D:\Graphics_Files\sequin-shader-midterm\animal3D-SDK\animal3D-SDK\lib\x64\v142\Debug\animal3D-DemoPlugin.lib and object D:\Graphics_Files\sequin-shader-midterm\animal3D-SDK\animal3D-SDK\lib\x64\v142\Debug\animal3D-DemoPlugin.exp
  animal3D-DemoPlugin.vcxproj -> D:\Graphics_Files\sequin-shader-midterm\animal3D-SDK\animal3D-SDK\lib\x64\v142\Debug\animal3D-DemoPlugin.dll
  A subdirectory or file .\bin\x64\v142\Debug\animal3D-demos\ already exists.
  A subdirectory or file .\bin\x64\v142\Debug\data\ already exists.
  .\lib\x64\v142\Debug\animal3D-DemoPlugin.dll
  1 File(s) copied
